[2023-03-28 19:11:04Z INFO HostContext] No proxy settings were found based on environmental variables (http_proxy/https_proxy/HTTP_PROXY/HTTPS_PROXY)
[2023-03-28 19:11:04Z INFO HostContext] Well known directory 'Bin': 'G:\projekty\GitHub\joinjobs-backend\actions-runner\bin'
[2023-03-28 19:11:04Z INFO HostContext] Well known directory 'Root': 'G:\projekty\GitHub\joinjobs-backend\actions-runner'
[2023-03-28 19:11:04Z INFO HostContext] Well known config file 'Credentials': 'G:\projekty\GitHub\joinjobs-backend\actions-runner\.credentials'
[2023-03-28 19:11:04Z INFO HostContext] Well known directory 'Bin': 'G:\projekty\GitHub\joinjobs-backend\actions-runner\bin'
[2023-03-28 19:11:04Z INFO HostContext] Well known directory 'Root': 'G:\projekty\GitHub\joinjobs-backend\actions-runner'
[2023-03-28 19:11:04Z INFO HostContext] Well known config file 'Runner': 'G:\projekty\GitHub\joinjobs-backend\actions-runner\.runner'
[2023-03-28 19:11:04Z INFO Listener] Runner is built for Windows (X64) - win-x64.
[2023-03-28 19:11:04Z INFO Listener] RuntimeInformation: Microsoft Windows 10.0.22621.
[2023-03-28 19:11:04Z INFO Listener] Version: 2.303.0
[2023-03-28 19:11:04Z INFO Listener] Commit: e676c7871817c1b484299cd93fabdf4b95e70741
[2023-03-28 19:11:04Z INFO Listener] Culture: pl-PL
[2023-03-28 19:11:04Z INFO Listener] UI Culture: pl-PL
[2023-03-28 19:11:04Z INFO HostContext] Well known directory 'Bin': 'G:\projekty\GitHub\joinjobs-backend\actions-runner\bin'
[2023-03-28 19:11:04Z INFO HostContext] Well known directory 'Root': 'G:\projekty\GitHub\joinjobs-backend\actions-runner'
[2023-03-28 19:11:04Z INFO Listener] Validating directory permissions for: 'G:\projekty\GitHub\joinjobs-backend\actions-runner'
[2023-03-28 19:11:04Z INFO CommandLineParser] Parse
[2023-03-28 19:11:04Z INFO CommandLineParser] Parsing 5 args
[2023-03-28 19:11:04Z INFO CommandLineParser] parsing argument
[2023-03-28 19:11:04Z INFO CommandLineParser] HasArgs: False
[2023-03-28 19:11:04Z INFO CommandLineParser] Adding Command: configure
[2023-03-28 19:11:04Z INFO CommandLineParser] parsing argument
[2023-03-28 19:11:04Z INFO CommandLineParser] HasArgs: True
[2023-03-28 19:11:04Z INFO CommandLineParser] arg: url
[2023-03-28 19:11:04Z INFO CommandLineParser] parsing argument
[2023-03-28 19:11:04Z INFO CommandLineParser] HasArgs: True
[2023-03-28 19:11:04Z INFO CommandLineParser] Adding option 'url': 'https://github.com/Pawel-Galkowski/joinjobs-backend'
[2023-03-28 19:11:04Z INFO CommandLineParser] parsing argument
[2023-03-28 19:11:04Z INFO CommandLineParser] HasArgs: True
[2023-03-28 19:11:04Z INFO CommandLineParser] arg: token
[2023-03-28 19:11:04Z INFO CommandLineParser] parsing argument
[2023-03-28 19:11:04Z INFO CommandLineParser] HasArgs: True
[2023-03-28 19:11:04Z INFO CommandLineParser] Adding option 'token': '***'
[2023-03-28 19:11:04Z INFO Listener] Arguments parsed
[2023-03-28 19:11:04Z INFO Runner] ExecuteCommand
[2023-03-28 19:11:04Z INFO ConfigurationStore] currentAssemblyLocation: G:\projekty\GitHub\joinjobs-backend\actions-runner\bin\Runner.Listener.dll
[2023-03-28 19:11:04Z INFO HostContext] Well known directory 'Bin': 'G:\projekty\GitHub\joinjobs-backend\actions-runner\bin'
[2023-03-28 19:11:04Z INFO ConfigurationStore] binPath: G:\projekty\GitHub\joinjobs-backend\actions-runner\bin
[2023-03-28 19:11:04Z INFO HostContext] Well known directory 'Bin': 'G:\projekty\GitHub\joinjobs-backend\actions-runner\bin'
[2023-03-28 19:11:04Z INFO HostContext] Well known directory 'Root': 'G:\projekty\GitHub\joinjobs-backend\actions-runner'
[2023-03-28 19:11:04Z INFO ConfigurationStore] RootFolder: G:\projekty\GitHub\joinjobs-backend\actions-runner
[2023-03-28 19:11:04Z INFO HostContext] Well known directory 'Bin': 'G:\projekty\GitHub\joinjobs-backend\actions-runner\bin'
[2023-03-28 19:11:04Z INFO HostContext] Well known directory 'Root': 'G:\projekty\GitHub\joinjobs-backend\actions-runner'
[2023-03-28 19:11:04Z INFO HostContext] Well known config file 'Runner': 'G:\projekty\GitHub\joinjobs-backend\actions-runner\.runner'
[2023-03-28 19:11:04Z INFO ConfigurationStore] ConfigFilePath: G:\projekty\GitHub\joinjobs-backend\actions-runner\.runner
[2023-03-28 19:11:04Z INFO HostContext] Well known directory 'Bin': 'G:\projekty\GitHub\joinjobs-backend\actions-runner\bin'
[2023-03-28 19:11:04Z INFO HostContext] Well known directory 'Root': 'G:\projekty\GitHub\joinjobs-backend\actions-runner'
[2023-03-28 19:11:04Z INFO HostContext] Well known config file 'Credentials': 'G:\projekty\GitHub\joinjobs-backend\actions-runner\.credentials'
[2023-03-28 19:11:04Z INFO ConfigurationStore] CredFilePath: G:\projekty\GitHub\joinjobs-backend\actions-runner\.credentials
[2023-03-28 19:11:04Z INFO HostContext] Well known directory 'Bin': 'G:\projekty\GitHub\joinjobs-backend\actions-runner\bin'
[2023-03-28 19:11:04Z INFO HostContext] Well known directory 'Root': 'G:\projekty\GitHub\joinjobs-backend\actions-runner'
[2023-03-28 19:11:04Z INFO HostContext] Well known config file 'MigratedCredentials': 'G:\projekty\GitHub\joinjobs-backend\actions-runner\.credentials_migrated'
[2023-03-28 19:11:04Z INFO ConfigurationStore] MigratedCredFilePath: G:\projekty\GitHub\joinjobs-backend\actions-runner\.credentials_migrated
[2023-03-28 19:11:04Z INFO HostContext] Well known directory 'Bin': 'G:\projekty\GitHub\joinjobs-backend\actions-runner\bin'
[2023-03-28 19:11:04Z INFO HostContext] Well known directory 'Root': 'G:\projekty\GitHub\joinjobs-backend\actions-runner'
[2023-03-28 19:11:04Z INFO HostContext] Well known config file 'Service': 'G:\projekty\GitHub\joinjobs-backend\actions-runner\.service'
[2023-03-28 19:11:04Z INFO ConfigurationStore] ServiceConfigFilePath: G:\projekty\GitHub\joinjobs-backend\actions-runner\.service
[2023-03-28 19:11:04Z INFO CommandSettings] Flag 'help': 'False'
[2023-03-28 19:11:04Z INFO CommandSettings] Flag 'version': 'False'
[2023-03-28 19:11:04Z INFO CommandSettings] Flag 'commit': 'False'
[2023-03-28 19:11:04Z INFO CommandSettings] Flag 'check': 'False'
[2023-03-28 19:11:04Z INFO CommandSettings] Command 'configure': 'True'
[2023-03-28 19:11:04Z INFO Terminal] WRITE LINE: 
[2023-03-28 19:11:04Z INFO Terminal] WRITE LINE: --------------------------------------------------------------------------------
[2023-03-28 19:11:04Z INFO Terminal] WRITE LINE: |        ____ _ _   _   _       _          _        _   _                      |
[2023-03-28 19:11:04Z INFO Terminal] WRITE LINE: |       / ___(_) |_| | | |_   _| |__      / \   ___| |_(_) ___  _ __  ___      |
[2023-03-28 19:11:04Z INFO Terminal] WRITE LINE: |      | |  _| | __| |_| | | | | '_ \    / _ \ / __| __| |/ _ \| '_ \/ __|     |
[2023-03-28 19:11:04Z INFO Terminal] WRITE LINE: |      | |_| | | |_|  _  | |_| | |_) |  / ___ \ (__| |_| | (_) | | | \__ \     |
[2023-03-28 19:11:04Z INFO Terminal] WRITE LINE: |       \____|_|\__|_| |_|\__,_|_.__/  /_/   \_\___|\__|_|\___/|_| |_|___/     |
[2023-03-28 19:11:04Z INFO Terminal] WRITE LINE: |                                                                              |
[2023-03-28 19:11:04Z INFO Terminal] WRITE: |                       
[2023-03-28 19:11:04Z INFO Terminal] WRITE: Self-hosted runner registration
[2023-03-28 19:11:04Z INFO Terminal] WRITE LINE:                         |
[2023-03-28 19:11:04Z INFO Terminal] WRITE LINE: |                                                                              |
[2023-03-28 19:11:04Z INFO Terminal] WRITE LINE: --------------------------------------------------------------------------------
[2023-03-28 19:11:04Z INFO ConfigurationManager] ConfigureAsync
[2023-03-28 19:11:04Z INFO CommandSettings] Flag 'generateServiceConfig': 'False'
[2023-03-28 19:11:04Z INFO ConfigurationStore] IsConfigured()
[2023-03-28 19:11:04Z INFO ConfigurationStore] IsConfigured: False
[2023-03-28 19:11:04Z INFO ConfigurationManager] Is configured: False
[2023-03-28 19:11:04Z INFO CommandSettings] Arg 'url': 'https://github.com/Pawel-Galkowski/joinjobs-backend'
[2023-03-28 19:11:04Z INFO CommandSettings] Remove url from Arg dictionary.
[2023-03-28 19:11:04Z INFO CommandSettings] Arg 'token': '***'
[2023-03-28 19:11:04Z INFO CommandSettings] Remove token from Arg dictionary.
[2023-03-28 19:11:05Z INFO ConfigurationManager] Http response code: OK from 'POST https://api.github.com/actions/runner-registration' (C57C:10F8F:6970BD5:6B09CA7:64233BC9)
[2023-03-28 19:11:05Z INFO ConfigurationManager] cred retrieved via GitHub auth
[2023-03-28 19:11:05Z INFO RunnerServer] EstablishVssConnection
[2023-03-28 19:11:05Z INFO RunnerServer] Establish connection with 100 seconds timeout.
[2023-03-28 19:11:05Z INFO GitHubActionsService] Starting operation Location.GetConnectionData
[2023-03-28 19:11:05Z INFO RunnerServer] EstablishVssConnection
[2023-03-28 19:11:05Z INFO RunnerServer] Establish connection with 60 seconds timeout.
[2023-03-28 19:11:05Z INFO GitHubActionsService] Starting operation Location.GetConnectionData
[2023-03-28 19:11:05Z INFO RunnerServer] EstablishVssConnection
[2023-03-28 19:11:05Z INFO RunnerServer] Establish connection with 60 seconds timeout.
[2023-03-28 19:11:05Z INFO GitHubActionsService] Starting operation Location.GetConnectionData
[2023-03-28 19:11:05Z INFO GitHubActionsService] Finished operation Location.GetConnectionData
[2023-03-28 19:11:06Z INFO GitHubActionsService] Finished operation Location.GetConnectionData
[2023-03-28 19:11:06Z INFO GitHubActionsService] Finished operation Location.GetConnectionData
[2023-03-28 19:11:06Z INFO Terminal] WRITE LINE: 
[2023-03-28 19:11:06Z INFO ConfigurationManager] Test Connection complete.
[2023-03-28 19:11:06Z INFO HostContext] Well known directory 'Bin': 'G:\projekty\GitHub\joinjobs-backend\actions-runner\bin'
[2023-03-28 19:11:06Z INFO HostContext] Well known directory 'Root': 'G:\projekty\GitHub\joinjobs-backend\actions-runner'
[2023-03-28 19:11:06Z INFO HostContext] Well known config file 'RSACredentials': 'G:\projekty\GitHub\joinjobs-backend\actions-runner\.credentials_rsaparams'
[2023-03-28 19:11:06Z INFO RSAEncryptedFileKeyManager] Found existing RSA key parameters file G:\projekty\GitHub\joinjobs-backend\actions-runner\.credentials_rsaparams
[2023-03-28 19:11:06Z INFO CommandSettings] Arg 'runnergroup': ''
[2023-03-28 19:11:06Z INFO CommandSettings] Flag 'unattended': 'False'
[2023-03-28 19:11:06Z INFO PromptManager] ReadValue
[2023-03-28 19:11:06Z INFO Terminal] WRITE: Enter the name of the runner group to add this runner to: 
[2023-03-28 19:11:06Z INFO Terminal] WRITE: [press Enter for Default] 
[2023-03-28 19:11:06Z INFO Terminal] READ LINE
[2023-03-28 19:11:07Z INFO Terminal] Read value: ''
[2023-03-28 19:11:07Z INFO PromptManager] Falling back to the default: 'Default'
[2023-03-28 19:11:07Z INFO Terminal] WRITE LINE: 
[2023-03-28 19:11:07Z INFO ConfigurationManager] Found a self-hosted runner group with id 1 and name Default
[2023-03-28 19:11:07Z INFO CommandSettings] Flag 'disableupdate': 'False'
[2023-03-28 19:11:07Z INFO CommandSettings] Flag 'ephemeral': 'False'
[2023-03-28 19:11:07Z INFO CommandSettings] Arg 'name': ''
[2023-03-28 19:11:07Z INFO CommandSettings] Flag 'unattended': 'False'
[2023-03-28 19:11:07Z INFO PromptManager] ReadValue
[2023-03-28 19:11:07Z INFO Terminal] WRITE: Enter the name of runner: 
[2023-03-28 19:11:07Z INFO Terminal] WRITE: [press Enter for DESKTOP-PECET] 
[2023-03-28 19:11:07Z INFO Terminal] READ LINE
[2023-03-28 19:11:12Z INFO Terminal] Read value: ''
[2023-03-28 19:11:12Z INFO PromptManager] Falling back to the default: 'DESKTOP-PECET'
[2023-03-28 19:11:12Z INFO Terminal] WRITE LINE: 
[2023-03-28 19:11:12Z INFO CommandSettings] Arg 'labels': ''
[2023-03-28 19:11:12Z INFO CommandSettings] Flag 'unattended': 'False'
[2023-03-28 19:11:12Z INFO PromptManager] ReadValue
[2023-03-28 19:11:12Z INFO Terminal] WRITE: This runner will have the following labels: 'self-hosted', 'Windows', 'X64' 
Enter any additional labels (ex. label-1,label-2): 
[2023-03-28 19:11:12Z INFO Terminal] WRITE: [press Enter to skip] 
[2023-03-28 19:11:12Z INFO Terminal] READ LINE
[2023-03-28 19:11:14Z INFO Terminal] Read value: ''
[2023-03-28 19:11:14Z INFO Terminal] WRITE LINE: 
[2023-03-28 19:11:14Z INFO CommandSettings] Flag 'disableupdate': 'False'
[2023-03-28 19:11:14Z INFO CommandSettings] Flag 'disableupdate': 'False'
[2023-03-28 19:11:14Z INFO CommandSettings] Flag 'ephemeral': 'False'
[2023-03-28 19:11:14Z INFO ConfigurationStore] Saving OAuth credential @ G:\projekty\GitHub\joinjobs-backend\actions-runner\.credentials
[2023-03-28 19:11:14Z INFO ConfigurationStore] Credentials Saved.
[2023-03-28 19:11:14Z INFO ConfigurationStore] HasCredentials()
[2023-03-28 19:11:14Z INFO ConfigurationStore] stored True
[2023-03-28 19:11:14Z INFO CredentialManager] GetCredentialProvider
[2023-03-28 19:11:14Z INFO CredentialManager] Creating type OAuth
[2023-03-28 19:11:14Z INFO CredentialManager] Creating credential type: OAuth
[2023-03-28 19:11:14Z INFO RSAEncryptedFileKeyManager] Loading RSA key parameters from file G:\projekty\GitHub\joinjobs-backend\actions-runner\.credentials_rsaparams
[2023-03-28 19:11:14Z INFO RunnerServer] EstablishVssConnection
[2023-03-28 19:11:14Z INFO RunnerServer] Establish connection with 100 seconds timeout.
[2023-03-28 19:11:14Z INFO GitHubActionsService] Starting operation Location.GetConnectionData
[2023-03-28 19:11:14Z INFO RunnerServer] EstablishVssConnection
[2023-03-28 19:11:14Z INFO RunnerServer] Establish connection with 60 seconds timeout.
[2023-03-28 19:11:14Z INFO GitHubActionsService] Starting operation Location.GetConnectionData
[2023-03-28 19:11:14Z INFO RunnerServer] EstablishVssConnection
[2023-03-28 19:11:14Z INFO RunnerServer] Establish connection with 60 seconds timeout.
[2023-03-28 19:11:14Z INFO GitHubActionsService] Starting operation Location.GetConnectionData
[2023-03-28 19:11:15Z INFO GitHubActionsService] Finished operation Location.GetConnectionData
[2023-03-28 19:11:15Z INFO GitHubActionsService] Finished operation Location.GetConnectionData
[2023-03-28 19:11:15Z INFO GitHubActionsService] Finished operation Location.GetConnectionData
[2023-03-28 19:11:15Z INFO RSAEncryptedFileKeyManager] Loading RSA key parameters from file G:\projekty\GitHub\joinjobs-backend\actions-runner\.credentials_rsaparams
[2023-03-28 19:11:15Z INFO RSAEncryptedFileKeyManager] Loading RSA key parameters from file G:\projekty\GitHub\joinjobs-backend\actions-runner\.credentials_rsaparams
[2023-03-28 19:11:15Z INFO GitHubActionsService] AAD Correlation ID for this token request: Unknown
[2023-03-28 19:11:15Z INFO CommandSettings] Arg 'work': ''
[2023-03-28 19:11:15Z INFO CommandSettings] Flag 'unattended': 'False'
[2023-03-28 19:11:15Z INFO PromptManager] ReadValue
[2023-03-28 19:11:15Z INFO Terminal] WRITE: Enter name of work folder: 
[2023-03-28 19:11:15Z INFO Terminal] WRITE: [press Enter for _work] 
[2023-03-28 19:11:15Z INFO Terminal] READ LINE
[2023-03-28 19:11:18Z INFO Terminal] Read value: ''
[2023-03-28 19:11:18Z INFO PromptManager] Falling back to the default: '_work'
[2023-03-28 19:11:18Z INFO ConfigurationStore] Saving runner settings.
[2023-03-28 19:11:18Z INFO ConfigurationStore] Settings Saved.
[2023-03-28 19:11:18Z INFO Terminal] WRITE LINE: 
[2023-03-28 19:11:18Z INFO Terminal] WRITE LINE: 
[2023-03-28 19:11:18Z INFO CommandSettings] Flag 'runasservice': 'False'
[2023-03-28 19:11:18Z INFO CommandSettings] Flag 'unattended': 'False'
[2023-03-28 19:11:18Z INFO PromptManager] ReadValue
[2023-03-28 19:11:18Z INFO Terminal] WRITE: Would you like to run the runner as service? (Y/N) 
[2023-03-28 19:11:18Z INFO Terminal] WRITE: [press Enter for N] 
[2023-03-28 19:11:18Z INFO Terminal] READ LINE
[2023-03-28 19:11:20Z INFO Terminal] Read value: ''
[2023-03-28 19:11:20Z INFO PromptManager] Falling back to the default: 'N'
[2023-03-28 19:11:20Z INFO Listener] Runner execution has finished with return code 0
