[2023-03-28 19:10:42Z INFO HostContext] No proxy settings were found based on environmental variables (http_proxy/https_proxy/HTTP_PROXY/HTTPS_PROXY)
[2023-03-28 19:10:42Z INFO HostContext] Well known directory 'Bin': 'G:\projekty\GitHub\joinjobs-backend\actions-runner\bin'
[2023-03-28 19:10:42Z INFO HostContext] Well known directory 'Root': 'G:\projekty\GitHub\joinjobs-backend\actions-runner'
[2023-03-28 19:10:42Z INFO HostContext] Well known config file 'Credentials': 'G:\projekty\GitHub\joinjobs-backend\actions-runner\.credentials'
[2023-03-28 19:10:42Z INFO HostContext] Well known directory 'Bin': 'G:\projekty\GitHub\joinjobs-backend\actions-runner\bin'
[2023-03-28 19:10:42Z INFO HostContext] Well known directory 'Root': 'G:\projekty\GitHub\joinjobs-backend\actions-runner'
[2023-03-28 19:10:42Z INFO HostContext] Well known config file 'Runner': 'G:\projekty\GitHub\joinjobs-backend\actions-runner\.runner'
[2023-03-28 19:10:42Z INFO Listener] Runner is built for Windows (X64) - win-x64.
[2023-03-28 19:10:42Z INFO Listener] RuntimeInformation: Microsoft Windows 10.0.22621.
[2023-03-28 19:10:42Z INFO Listener] Version: 2.303.0
[2023-03-28 19:10:42Z INFO Listener] Commit: e676c7871817c1b484299cd93fabdf4b95e70741
[2023-03-28 19:10:42Z INFO Listener] Culture: pl-PL
[2023-03-28 19:10:42Z INFO Listener] UI Culture: pl-PL
[2023-03-28 19:10:42Z INFO HostContext] Well known directory 'Bin': 'G:\projekty\GitHub\joinjobs-backend\actions-runner\bin'
[2023-03-28 19:10:42Z INFO HostContext] Well known directory 'Root': 'G:\projekty\GitHub\joinjobs-backend\actions-runner'
[2023-03-28 19:10:42Z INFO Listener] Validating directory permissions for: 'G:\projekty\GitHub\joinjobs-backend\actions-runner'
[2023-03-28 19:10:42Z INFO CommandLineParser] Parse
[2023-03-28 19:10:42Z INFO CommandLineParser] Parsing 5 args
[2023-03-28 19:10:42Z INFO CommandLineParser] parsing argument
[2023-03-28 19:10:42Z INFO CommandLineParser] HasArgs: False
[2023-03-28 19:10:42Z INFO CommandLineParser] Adding Command: configure
[2023-03-28 19:10:42Z INFO CommandLineParser] parsing argument
[2023-03-28 19:10:42Z INFO CommandLineParser] HasArgs: True
[2023-03-28 19:10:42Z INFO CommandLineParser] arg: url
[2023-03-28 19:10:42Z INFO CommandLineParser] parsing argument
[2023-03-28 19:10:42Z INFO CommandLineParser] HasArgs: True
[2023-03-28 19:10:42Z INFO CommandLineParser] Adding option 'url': 'https://github.com/Pawel-Galkowski/joinjobs-backend'
[2023-03-28 19:10:42Z INFO CommandLineParser] parsing argument
[2023-03-28 19:10:42Z INFO CommandLineParser] HasArgs: True
[2023-03-28 19:10:42Z INFO CommandLineParser] arg: token
[2023-03-28 19:10:42Z INFO CommandLineParser] parsing argument
[2023-03-28 19:10:42Z INFO CommandLineParser] HasArgs: True
[2023-03-28 19:10:42Z INFO CommandLineParser] Adding option 'token': '***'
[2023-03-28 19:10:42Z INFO Listener] Arguments parsed
[2023-03-28 19:10:42Z INFO Runner] ExecuteCommand
[2023-03-28 19:10:42Z INFO ConfigurationStore] currentAssemblyLocation: G:\projekty\GitHub\joinjobs-backend\actions-runner\bin\Runner.Listener.dll
[2023-03-28 19:10:42Z INFO HostContext] Well known directory 'Bin': 'G:\projekty\GitHub\joinjobs-backend\actions-runner\bin'
[2023-03-28 19:10:42Z INFO ConfigurationStore] binPath: G:\projekty\GitHub\joinjobs-backend\actions-runner\bin
[2023-03-28 19:10:42Z INFO HostContext] Well known directory 'Bin': 'G:\projekty\GitHub\joinjobs-backend\actions-runner\bin'
[2023-03-28 19:10:42Z INFO HostContext] Well known directory 'Root': 'G:\projekty\GitHub\joinjobs-backend\actions-runner'
[2023-03-28 19:10:42Z INFO ConfigurationStore] RootFolder: G:\projekty\GitHub\joinjobs-backend\actions-runner
[2023-03-28 19:10:42Z INFO HostContext] Well known directory 'Bin': 'G:\projekty\GitHub\joinjobs-backend\actions-runner\bin'
[2023-03-28 19:10:42Z INFO HostContext] Well known directory 'Root': 'G:\projekty\GitHub\joinjobs-backend\actions-runner'
[2023-03-28 19:10:42Z INFO HostContext] Well known config file 'Runner': 'G:\projekty\GitHub\joinjobs-backend\actions-runner\.runner'
[2023-03-28 19:10:42Z INFO ConfigurationStore] ConfigFilePath: G:\projekty\GitHub\joinjobs-backend\actions-runner\.runner
[2023-03-28 19:10:42Z INFO HostContext] Well known directory 'Bin': 'G:\projekty\GitHub\joinjobs-backend\actions-runner\bin'
[2023-03-28 19:10:42Z INFO HostContext] Well known directory 'Root': 'G:\projekty\GitHub\joinjobs-backend\actions-runner'
[2023-03-28 19:10:42Z INFO HostContext] Well known config file 'Credentials': 'G:\projekty\GitHub\joinjobs-backend\actions-runner\.credentials'
[2023-03-28 19:10:42Z INFO ConfigurationStore] CredFilePath: G:\projekty\GitHub\joinjobs-backend\actions-runner\.credentials
[2023-03-28 19:10:42Z INFO HostContext] Well known directory 'Bin': 'G:\projekty\GitHub\joinjobs-backend\actions-runner\bin'
[2023-03-28 19:10:42Z INFO HostContext] Well known directory 'Root': 'G:\projekty\GitHub\joinjobs-backend\actions-runner'
[2023-03-28 19:10:42Z INFO HostContext] Well known config file 'MigratedCredentials': 'G:\projekty\GitHub\joinjobs-backend\actions-runner\.credentials_migrated'
[2023-03-28 19:10:42Z INFO ConfigurationStore] MigratedCredFilePath: G:\projekty\GitHub\joinjobs-backend\actions-runner\.credentials_migrated
[2023-03-28 19:10:42Z INFO HostContext] Well known directory 'Bin': 'G:\projekty\GitHub\joinjobs-backend\actions-runner\bin'
[2023-03-28 19:10:42Z INFO HostContext] Well known directory 'Root': 'G:\projekty\GitHub\joinjobs-backend\actions-runner'
[2023-03-28 19:10:42Z INFO HostContext] Well known config file 'Service': 'G:\projekty\GitHub\joinjobs-backend\actions-runner\.service'
[2023-03-28 19:10:42Z INFO ConfigurationStore] ServiceConfigFilePath: G:\projekty\GitHub\joinjobs-backend\actions-runner\.service
[2023-03-28 19:10:42Z INFO CommandSettings] Flag 'help': 'False'
[2023-03-28 19:10:42Z INFO CommandSettings] Flag 'version': 'False'
[2023-03-28 19:10:42Z INFO CommandSettings] Flag 'commit': 'False'
[2023-03-28 19:10:42Z INFO CommandSettings] Flag 'check': 'False'
[2023-03-28 19:10:42Z INFO CommandSettings] Command 'configure': 'True'
[2023-03-28 19:10:42Z INFO Terminal] WRITE LINE: 
[2023-03-28 19:10:42Z INFO Terminal] WRITE LINE: --------------------------------------------------------------------------------
[2023-03-28 19:10:42Z INFO Terminal] WRITE LINE: |        ____ _ _   _   _       _          _        _   _                      |
[2023-03-28 19:10:42Z INFO Terminal] WRITE LINE: |       / ___(_) |_| | | |_   _| |__      / \   ___| |_(_) ___  _ __  ___      |
[2023-03-28 19:10:42Z INFO Terminal] WRITE LINE: |      | |  _| | __| |_| | | | | '_ \    / _ \ / __| __| |/ _ \| '_ \/ __|     |
[2023-03-28 19:10:42Z INFO Terminal] WRITE LINE: |      | |_| | | |_|  _  | |_| | |_) |  / ___ \ (__| |_| | (_) | | | \__ \     |
[2023-03-28 19:10:42Z INFO Terminal] WRITE LINE: |       \____|_|\__|_| |_|\__,_|_.__/  /_/   \_\___|\__|_|\___/|_| |_|___/     |
[2023-03-28 19:10:42Z INFO Terminal] WRITE LINE: |                                                                              |
[2023-03-28 19:10:42Z INFO Terminal] WRITE: |                       
[2023-03-28 19:10:42Z INFO Terminal] WRITE: Self-hosted runner registration
[2023-03-28 19:10:42Z INFO Terminal] WRITE LINE:                         |
[2023-03-28 19:10:42Z INFO Terminal] WRITE LINE: |                                                                              |
[2023-03-28 19:10:42Z INFO Terminal] WRITE LINE: --------------------------------------------------------------------------------
[2023-03-28 19:10:42Z INFO ConfigurationManager] ConfigureAsync
[2023-03-28 19:10:42Z INFO CommandSettings] Flag 'generateServiceConfig': 'False'
[2023-03-28 19:10:42Z INFO ConfigurationStore] IsConfigured()
[2023-03-28 19:10:42Z INFO ConfigurationStore] IsConfigured: False
[2023-03-28 19:10:42Z INFO ConfigurationManager] Is configured: False
[2023-03-28 19:10:42Z INFO CommandSettings] Arg 'url': 'https://github.com/Pawel-Galkowski/joinjobs-backend'
[2023-03-28 19:10:42Z INFO CommandSettings] Remove url from Arg dictionary.
[2023-03-28 19:10:42Z INFO CommandSettings] Arg 'token': '***'
[2023-03-28 19:10:42Z INFO CommandSettings] Remove token from Arg dictionary.
[2023-03-28 19:10:43Z INFO ConfigurationManager] Http response code: OK from 'POST https://api.github.com/actions/runner-registration' (C539:6F45:5F1EA10:60B4A42:64233BB4)
[2023-03-28 19:10:43Z INFO ConfigurationManager] cred retrieved via GitHub auth
[2023-03-28 19:10:43Z INFO RunnerServer] EstablishVssConnection
[2023-03-28 19:10:43Z INFO RunnerServer] Establish connection with 100 seconds timeout.
[2023-03-28 19:10:44Z INFO GitHubActionsService] Starting operation Location.GetConnectionData
[2023-03-28 19:10:44Z INFO RunnerServer] EstablishVssConnection
[2023-03-28 19:10:44Z INFO RunnerServer] Establish connection with 60 seconds timeout.
[2023-03-28 19:10:44Z INFO GitHubActionsService] Starting operation Location.GetConnectionData
[2023-03-28 19:10:44Z INFO RunnerServer] EstablishVssConnection
[2023-03-28 19:10:44Z INFO RunnerServer] Establish connection with 60 seconds timeout.
[2023-03-28 19:10:44Z INFO GitHubActionsService] Starting operation Location.GetConnectionData
[2023-03-28 19:10:44Z INFO GitHubActionsService] Finished operation Location.GetConnectionData
[2023-03-28 19:10:44Z INFO GitHubActionsService] Finished operation Location.GetConnectionData
[2023-03-28 19:10:44Z INFO GitHubActionsService] Finished operation Location.GetConnectionData
[2023-03-28 19:10:44Z INFO Terminal] WRITE LINE: 
[2023-03-28 19:10:44Z INFO ConfigurationManager] Test Connection complete.
[2023-03-28 19:10:44Z INFO HostContext] Well known directory 'Bin': 'G:\projekty\GitHub\joinjobs-backend\actions-runner\bin'
[2023-03-28 19:10:44Z INFO HostContext] Well known directory 'Root': 'G:\projekty\GitHub\joinjobs-backend\actions-runner'
[2023-03-28 19:10:44Z INFO HostContext] Well known config file 'RSACredentials': 'G:\projekty\GitHub\joinjobs-backend\actions-runner\.credentials_rsaparams'
[2023-03-28 19:10:44Z INFO RSAEncryptedFileKeyManager] Creating new RSA key using 2048-bit key length
[2023-03-28 19:10:44Z INFO RSAEncryptedFileKeyManager] Successfully saved RSA key parameters to file G:\projekty\GitHub\joinjobs-backend\actions-runner\.credentials_rsaparams
[2023-03-28 19:10:45Z INFO CommandSettings] Arg 'runnergroup': ''
[2023-03-28 19:10:45Z INFO CommandSettings] Flag 'unattended': 'False'
[2023-03-28 19:10:45Z INFO PromptManager] ReadValue
[2023-03-28 19:10:45Z INFO Terminal] WRITE: Enter the name of the runner group to add this runner to: 
[2023-03-28 19:10:45Z INFO Terminal] WRITE: [press Enter for Default] 
[2023-03-28 19:10:45Z INFO Terminal] READ LINE
[2023-03-28 19:10:55Z INFO Terminal] Read value: './run.cmd'
[2023-03-28 19:10:55Z INFO Terminal] WRITE LINE: 
[2023-03-28 19:10:55Z ERR  Runner] GitHub.DistributedTask.WebApi.TaskAgentPoolNotFoundException: Could not find any self-hosted runner group named "./run.cmd".
   at GitHub.Runner.Listener.Configuration.ConfigurationManager.ConfigureAsync(CommandSettings command)
   at GitHub.Runner.Listener.Runner.ExecuteCommand(CommandSettings command)
[2023-03-28 19:10:55Z ERR  Terminal] WRITE ERROR: Could not find any self-hosted runner group named "./run.cmd".
[2023-03-28 19:10:55Z INFO Listener] Runner execution has finished with return code 1
