[2023-03-28 19:11:27Z INFO HostContext] No proxy settings were found based on environmental variables (http_proxy/https_proxy/HTTP_PROXY/HTTPS_PROXY)
[2023-03-28 19:11:27Z INFO HostContext] Well known directory 'Bin': 'G:\projekty\GitHub\joinjobs-backend\actions-runner\bin'
[2023-03-28 19:11:27Z INFO HostContext] Well known directory 'Root': 'G:\projekty\GitHub\joinjobs-backend\actions-runner'
[2023-03-28 19:11:27Z INFO HostContext] Well known config file 'Credentials': 'G:\projekty\GitHub\joinjobs-backend\actions-runner\.credentials'
[2023-03-28 19:11:28Z INFO HostContext] Well known directory 'Bin': 'G:\projekty\GitHub\joinjobs-backend\actions-runner\bin'
[2023-03-28 19:11:28Z INFO HostContext] Well known directory 'Root': 'G:\projekty\GitHub\joinjobs-backend\actions-runner'
[2023-03-28 19:11:28Z INFO HostContext] Well known config file 'Runner': 'G:\projekty\GitHub\joinjobs-backend\actions-runner\.runner'
[2023-03-28 19:11:28Z INFO Listener] Runner is built for Windows (X64) - win-x64.
[2023-03-28 19:11:28Z INFO Listener] RuntimeInformation: Microsoft Windows 10.0.22621.
[2023-03-28 19:11:28Z INFO Listener] Version: 2.303.0
[2023-03-28 19:11:28Z INFO Listener] Commit: e676c7871817c1b484299cd93fabdf4b95e70741
[2023-03-28 19:11:28Z INFO Listener] Culture: pl-PL
[2023-03-28 19:11:28Z INFO Listener] UI Culture: pl-PL
[2023-03-28 19:11:28Z INFO HostContext] Well known directory 'Bin': 'G:\projekty\GitHub\joinjobs-backend\actions-runner\bin'
[2023-03-28 19:11:28Z INFO HostContext] Well known directory 'Root': 'G:\projekty\GitHub\joinjobs-backend\actions-runner'
[2023-03-28 19:11:28Z INFO Listener] Validating directory permissions for: 'G:\projekty\GitHub\joinjobs-backend\actions-runner'
[2023-03-28 19:11:28Z INFO CommandLineParser] Parse
[2023-03-28 19:11:28Z INFO CommandLineParser] Parsing 1 args
[2023-03-28 19:11:28Z INFO CommandLineParser] parsing argument
[2023-03-28 19:11:28Z INFO CommandLineParser] HasArgs: False
[2023-03-28 19:11:28Z INFO CommandLineParser] Adding Command: run
[2023-03-28 19:11:28Z INFO Listener] Arguments parsed
[2023-03-28 19:11:28Z INFO Runner] ExecuteCommand
[2023-03-28 19:11:28Z INFO ConfigurationStore] currentAssemblyLocation: G:\projekty\GitHub\joinjobs-backend\actions-runner\bin\Runner.Listener.dll
[2023-03-28 19:11:28Z INFO HostContext] Well known directory 'Bin': 'G:\projekty\GitHub\joinjobs-backend\actions-runner\bin'
[2023-03-28 19:11:28Z INFO ConfigurationStore] binPath: G:\projekty\GitHub\joinjobs-backend\actions-runner\bin
[2023-03-28 19:11:28Z INFO HostContext] Well known directory 'Bin': 'G:\projekty\GitHub\joinjobs-backend\actions-runner\bin'
[2023-03-28 19:11:28Z INFO HostContext] Well known directory 'Root': 'G:\projekty\GitHub\joinjobs-backend\actions-runner'
[2023-03-28 19:11:28Z INFO ConfigurationStore] RootFolder: G:\projekty\GitHub\joinjobs-backend\actions-runner
[2023-03-28 19:11:28Z INFO HostContext] Well known directory 'Bin': 'G:\projekty\GitHub\joinjobs-backend\actions-runner\bin'
[2023-03-28 19:11:28Z INFO HostContext] Well known directory 'Root': 'G:\projekty\GitHub\joinjobs-backend\actions-runner'
[2023-03-28 19:11:28Z INFO HostContext] Well known config file 'Runner': 'G:\projekty\GitHub\joinjobs-backend\actions-runner\.runner'
[2023-03-28 19:11:28Z INFO ConfigurationStore] ConfigFilePath: G:\projekty\GitHub\joinjobs-backend\actions-runner\.runner
[2023-03-28 19:11:28Z INFO HostContext] Well known directory 'Bin': 'G:\projekty\GitHub\joinjobs-backend\actions-runner\bin'
[2023-03-28 19:11:28Z INFO HostContext] Well known directory 'Root': 'G:\projekty\GitHub\joinjobs-backend\actions-runner'
[2023-03-28 19:11:28Z INFO HostContext] Well known config file 'Credentials': 'G:\projekty\GitHub\joinjobs-backend\actions-runner\.credentials'
[2023-03-28 19:11:28Z INFO ConfigurationStore] CredFilePath: G:\projekty\GitHub\joinjobs-backend\actions-runner\.credentials
[2023-03-28 19:11:28Z INFO HostContext] Well known directory 'Bin': 'G:\projekty\GitHub\joinjobs-backend\actions-runner\bin'
[2023-03-28 19:11:28Z INFO HostContext] Well known directory 'Root': 'G:\projekty\GitHub\joinjobs-backend\actions-runner'
[2023-03-28 19:11:28Z INFO HostContext] Well known config file 'MigratedCredentials': 'G:\projekty\GitHub\joinjobs-backend\actions-runner\.credentials_migrated'
[2023-03-28 19:11:28Z INFO ConfigurationStore] MigratedCredFilePath: G:\projekty\GitHub\joinjobs-backend\actions-runner\.credentials_migrated
[2023-03-28 19:11:28Z INFO HostContext] Well known directory 'Bin': 'G:\projekty\GitHub\joinjobs-backend\actions-runner\bin'
[2023-03-28 19:11:28Z INFO HostContext] Well known directory 'Root': 'G:\projekty\GitHub\joinjobs-backend\actions-runner'
[2023-03-28 19:11:28Z INFO HostContext] Well known config file 'Service': 'G:\projekty\GitHub\joinjobs-backend\actions-runner\.service'
[2023-03-28 19:11:28Z INFO ConfigurationStore] ServiceConfigFilePath: G:\projekty\GitHub\joinjobs-backend\actions-runner\.service
[2023-03-28 19:11:28Z INFO CommandSettings] Flag 'help': 'False'
[2023-03-28 19:11:28Z INFO CommandSettings] Flag 'version': 'False'
[2023-03-28 19:11:28Z INFO CommandSettings] Flag 'commit': 'False'
[2023-03-28 19:11:28Z INFO CommandSettings] Flag 'check': 'False'
[2023-03-28 19:11:28Z INFO CommandSettings] Command 'configure': 'False'
[2023-03-28 19:11:28Z INFO CommandSettings] Command 'remove': 'False'
[2023-03-28 19:11:28Z INFO CommandSettings] Command 'warmup': 'False'
[2023-03-28 19:11:28Z INFO ConfigurationManager] LoadSettings
[2023-03-28 19:11:28Z INFO ConfigurationStore] IsConfigured()
[2023-03-28 19:11:28Z INFO ConfigurationStore] IsConfigured: True
[2023-03-28 19:11:28Z INFO ConfigurationManager] Is configured: True
[2023-03-28 19:11:28Z INFO ConfigurationStore] Read setting file: 310 chars
[2023-03-28 19:11:28Z INFO ConfigurationManager] Settings Loaded
[2023-03-28 19:11:28Z INFO ConfigurationStore] IsServiceConfigured()
[2023-03-28 19:11:28Z INFO ConfigurationStore] IsServiceConfigured: False
[2023-03-28 19:11:28Z INFO CommandSettings] Command 'run': 'True'
[2023-03-28 19:11:28Z INFO ConfigurationStore] IsConfigured()
[2023-03-28 19:11:28Z INFO ConfigurationStore] IsConfigured: True
[2023-03-28 19:11:28Z INFO ConfigurationManager] Is configured: True
[2023-03-28 19:11:28Z INFO Runner] Could not parse the argument value '' for StartupType. Defaulting to Manual
[2023-03-28 19:11:28Z INFO Runner] Set runner startup type - Manual
[2023-03-28 19:11:28Z INFO CommandSettings] Flag 'once': 'False'
[2023-03-28 19:11:28Z INFO CommandSettings] Flag 'once': 'False'
[2023-03-28 19:11:28Z INFO Runner] RunAsync
[2023-03-28 19:11:28Z INFO ConfigurationManager] LoadSettings
[2023-03-28 19:11:28Z INFO ConfigurationStore] IsConfigured()
[2023-03-28 19:11:28Z INFO ConfigurationStore] IsConfigured: True
[2023-03-28 19:11:28Z INFO ConfigurationManager] Is configured: True
[2023-03-28 19:11:28Z INFO ConfigurationManager] Settings Loaded
[2023-03-28 19:11:28Z INFO MessageListener] {
  "AgentId": 2,
  "AgentName": "DESKTOP-PECET",
  "PoolId": 1,
  "PoolName": "Default",
  "ServerUrl": "https://pipelines.actions.githubusercontent.com/6LJvXV30CwyJbkBMSArkZtUYYaHgBv40x6epxITY8btqX0dXzs",
  "GitHubUrl": "https://github.com/Pawel-Galkowski/joinjobs-backend",
  "WorkFolder": "_work"
}
[2023-03-28 19:11:28Z INFO MessageListener] Loading Credentials
[2023-03-28 19:11:28Z INFO ConfigurationStore] HasCredentials()
[2023-03-28 19:11:28Z INFO ConfigurationStore] stored True
[2023-03-28 19:11:28Z INFO CredentialManager] GetCredentialProvider
[2023-03-28 19:11:28Z INFO CredentialManager] Creating type OAuth
[2023-03-28 19:11:28Z INFO CredentialManager] Creating credential type: OAuth
[2023-03-28 19:11:28Z INFO HostContext] Well known directory 'Bin': 'G:\projekty\GitHub\joinjobs-backend\actions-runner\bin'
[2023-03-28 19:11:28Z INFO HostContext] Well known directory 'Root': 'G:\projekty\GitHub\joinjobs-backend\actions-runner'
[2023-03-28 19:11:28Z INFO HostContext] Well known config file 'RSACredentials': 'G:\projekty\GitHub\joinjobs-backend\actions-runner\.credentials_rsaparams'
[2023-03-28 19:11:28Z INFO RSAEncryptedFileKeyManager] Loading RSA key parameters from file G:\projekty\GitHub\joinjobs-backend\actions-runner\.credentials_rsaparams
[2023-03-28 19:11:28Z INFO MessageListener] Attempt to create session.
[2023-03-28 19:11:28Z INFO MessageListener] Connecting to the Runner Server...
[2023-03-28 19:11:28Z INFO RunnerServer] EstablishVssConnection
[2023-03-28 19:11:28Z INFO RunnerServer] Establish connection with 100 seconds timeout.
[2023-03-28 19:11:28Z INFO GitHubActionsService] Starting operation Location.GetConnectionData
[2023-03-28 19:11:28Z INFO RunnerServer] EstablishVssConnection
[2023-03-28 19:11:28Z INFO RunnerServer] Establish connection with 60 seconds timeout.
[2023-03-28 19:11:28Z INFO GitHubActionsService] Starting operation Location.GetConnectionData
[2023-03-28 19:11:28Z INFO RunnerServer] EstablishVssConnection
[2023-03-28 19:11:28Z INFO RunnerServer] Establish connection with 60 seconds timeout.
[2023-03-28 19:11:28Z INFO GitHubActionsService] Starting operation Location.GetConnectionData
[2023-03-28 19:11:28Z INFO GitHubActionsService] Finished operation Location.GetConnectionData
[2023-03-28 19:11:28Z INFO GitHubActionsService] Finished operation Location.GetConnectionData
[2023-03-28 19:11:28Z INFO GitHubActionsService] Finished operation Location.GetConnectionData
[2023-03-28 19:11:28Z INFO MessageListener] VssConnection created
[2023-03-28 19:11:28Z INFO Terminal] WRITE LINE: 
[2023-03-28 19:11:28Z INFO Terminal] WRITE LINE: 
[2023-03-28 19:11:29Z INFO RSAEncryptedFileKeyManager] Loading RSA key parameters from file G:\projekty\GitHub\joinjobs-backend\actions-runner\.credentials_rsaparams
[2023-03-28 19:11:29Z INFO RSAEncryptedFileKeyManager] Loading RSA key parameters from file G:\projekty\GitHub\joinjobs-backend\actions-runner\.credentials_rsaparams
[2023-03-28 19:11:29Z INFO GitHubActionsService] AAD Correlation ID for this token request: Unknown
[2023-03-28 19:11:29Z INFO MessageListener] Session created.
[2023-03-28 19:11:29Z INFO Terminal] WRITE LINE: Current runner version: '2.303.0'
[2023-03-28 19:11:29Z INFO Terminal] WRITE LINE: 2023-03-28 19:11:29Z: Listening for Jobs
[2023-03-28 19:11:29Z INFO JobDispatcher] Set runner/worker IPC timeout to 30 seconds.
[2023-03-28 19:13:28Z INFO Terminal] WRITE LINE: Exiting...
[2023-03-28 19:13:28Z INFO ConfigurationStore] IsServiceConfigured()
[2023-03-28 19:13:28Z INFO ConfigurationStore] IsServiceConfigured: False
[2023-03-28 19:13:28Z INFO HostContext] Runner will be shutdown for UserCancelled
[2023-03-28 19:13:28Z WARN GitHubActionsService] GET request to https://pipelines.actions.githubusercontent.com/6LJvXV30CwyJbkBMSArkZtUYYaHgBv40x6epxITY8btqX0dXzs/_apis/distributedtask/pools/1/messages?sessionId=d1c8d899-aae2-4afb-9962-c6513ca1bbe5&status=Online&runnerVersion=2.303.0 has been cancelled.
[2023-03-28 19:13:28Z INFO MessageListener] Get next message has been cancelled.
[2023-03-28 19:13:28Z INFO JobDispatcher] Shutting down JobDispatcher. Make sure all WorkerDispatcher has finished.
[2023-03-28 19:13:29Z INFO Listener] Runner execution been cancelled.
